{"/Users/joelduah/Desktop/Chrome-Extension/extension/background.js": {"path":"/Users/joelduah/Desktop/Chrome-Extension/extension/background.js","all":false,"statementMap":{"0":{"start":{"line":1,"column":0},"end":{"line":1,"column":3}},"1":{"start":{"line":2,"column":0},"end":{"line":2,"column":16}},"2":{"start":{"line":3,"column":0},"end":{"line":3,"column":3}},"3":{"start":{"line":4,"column":0},"end":{"line":4,"column":61}},"4":{"start":{"line":5,"column":0},"end":{"line":5,"column":60}},"5":{"start":{"line":6,"column":0},"end":{"line":6,"column":3}},"6":{"start":{"line":7,"column":0},"end":{"line":7,"column":0}},"7":{"start":{"line":8,"column":0},"end":{"line":8,"column":3}},"8":{"start":{"line":9,"column":0},"end":{"line":9,"column":57}},"9":{"start":{"line":10,"column":0},"end":{"line":10,"column":48}},"10":{"start":{"line":11,"column":0},"end":{"line":11,"column":3}},"11":{"start":{"line":12,"column":0},"end":{"line":12,"column":46}},"12":{"start":{"line":13,"column":0},"end":{"line":13,"column":7}},"13":{"start":{"line":14,"column":0},"end":{"line":14,"column":26}},"14":{"start":{"line":15,"column":0},"end":{"line":15,"column":71}},"15":{"start":{"line":16,"column":0},"end":{"line":16,"column":5}},"16":{"start":{"line":17,"column":0},"end":{"line":17,"column":39}},"17":{"start":{"line":18,"column":0},"end":{"line":18,"column":0}},"18":{"start":{"line":19,"column":0},"end":{"line":19,"column":11}},"19":{"start":{"line":20,"column":0},"end":{"line":20,"column":65}},"20":{"start":{"line":21,"column":0},"end":{"line":21,"column":76}},"21":{"start":{"line":22,"column":0},"end":{"line":22,"column":11}},"22":{"start":{"line":23,"column":0},"end":{"line":23,"column":50}},"23":{"start":{"line":24,"column":0},"end":{"line":24,"column":0}},"24":{"start":{"line":25,"column":0},"end":{"line":25,"column":74}},"25":{"start":{"line":26,"column":0},"end":{"line":26,"column":0}},"26":{"start":{"line":27,"column":0},"end":{"line":27,"column":44}},"27":{"start":{"line":28,"column":0},"end":{"line":28,"column":0}},"28":{"start":{"line":29,"column":0},"end":{"line":29,"column":61}},"29":{"start":{"line":30,"column":0},"end":{"line":30,"column":0}},"30":{"start":{"line":31,"column":0},"end":{"line":31,"column":80}},"31":{"start":{"line":32,"column":0},"end":{"line":32,"column":0}},"32":{"start":{"line":33,"column":0},"end":{"line":33,"column":38}},"33":{"start":{"line":34,"column":0},"end":{"line":34,"column":33}},"34":{"start":{"line":35,"column":0},"end":{"line":35,"column":13}},"35":{"start":{"line":36,"column":0},"end":{"line":36,"column":0}},"36":{"start":{"line":37,"column":0},"end":{"line":37,"column":65}},"37":{"start":{"line":38,"column":0},"end":{"line":38,"column":0}},"38":{"start":{"line":39,"column":0},"end":{"line":39,"column":26}},"39":{"start":{"line":40,"column":0},"end":{"line":40,"column":33}},"40":{"start":{"line":41,"column":0},"end":{"line":41,"column":58}},"41":{"start":{"line":42,"column":0},"end":{"line":42,"column":15}},"42":{"start":{"line":43,"column":0},"end":{"line":43,"column":0}},"43":{"start":{"line":44,"column":0},"end":{"line":44,"column":26}},"44":{"start":{"line":45,"column":0},"end":{"line":45,"column":69}},"45":{"start":{"line":46,"column":0},"end":{"line":46,"column":11}},"46":{"start":{"line":47,"column":0},"end":{"line":47,"column":5}},"47":{"start":{"line":48,"column":0},"end":{"line":48,"column":3}}},"s":{"0":1,"1":1,"2":1,"3":1,"4":1,"5":1,"6":1,"7":1,"8":1,"9":1,"10":1,"11":1,"12":0,"13":0,"14":0,"15":0,"16":0,"17":0,"18":0,"19":0,"20":0,"21":0,"22":0,"23":0,"24":0,"25":0,"26":0,"27":0,"28":0,"29":0,"30":0,"31":0,"32":0,"33":0,"34":0,"35":0,"36":0,"37":0,"38":0,"39":0,"40":0,"41":0,"42":0,"43":0,"44":0,"45":0,"46":0,"47":1},"branchMap":{},"b":{},"fnMap":{},"f":{}}
,"/Users/joelduah/Desktop/Chrome-Extension/extension/popup.js": {"path":"/Users/joelduah/Desktop/Chrome-Extension/extension/popup.js","all":false,"statementMap":{"0":{"start":{"line":1,"column":0},"end":{"line":1,"column":19}},"1":{"start":{"line":2,"column":0},"end":{"line":2,"column":39}},"2":{"start":{"line":3,"column":0},"end":{"line":3,"column":57}},"3":{"start":{"line":4,"column":0},"end":{"line":4,"column":0}},"4":{"start":{"line":5,"column":0},"end":{"line":5,"column":39}},"5":{"start":{"line":6,"column":0},"end":{"line":6,"column":51}},"6":{"start":{"line":7,"column":0},"end":{"line":7,"column":0}},"7":{"start":{"line":8,"column":0},"end":{"line":8,"column":39}},"8":{"start":{"line":9,"column":0},"end":{"line":9,"column":53}},"9":{"start":{"line":10,"column":0},"end":{"line":10,"column":0}},"10":{"start":{"line":11,"column":0},"end":{"line":11,"column":39}},"11":{"start":{"line":12,"column":0},"end":{"line":12,"column":55}},"12":{"start":{"line":13,"column":0},"end":{"line":13,"column":0}},"13":{"start":{"line":14,"column":0},"end":{"line":14,"column":39}},"14":{"start":{"line":15,"column":0},"end":{"line":15,"column":63}},"15":{"start":{"line":16,"column":0},"end":{"line":16,"column":0}},"16":{"start":{"line":17,"column":0},"end":{"line":17,"column":39}},"17":{"start":{"line":18,"column":0},"end":{"line":18,"column":65}},"18":{"start":{"line":19,"column":0},"end":{"line":19,"column":0}},"19":{"start":{"line":20,"column":0},"end":{"line":20,"column":3}},"20":{"start":{"line":21,"column":0},"end":{"line":21,"column":55}},"21":{"start":{"line":22,"column":0},"end":{"line":22,"column":93}},"22":{"start":{"line":23,"column":0},"end":{"line":23,"column":18}},"23":{"start":{"line":24,"column":0},"end":{"line":24,"column":3}},"24":{"start":{"line":25,"column":0},"end":{"line":25,"column":34}},"25":{"start":{"line":26,"column":0},"end":{"line":26,"column":70}},"26":{"start":{"line":27,"column":0},"end":{"line":27,"column":22}},"27":{"start":{"line":28,"column":0},"end":{"line":28,"column":5}},"28":{"start":{"line":29,"column":0},"end":{"line":29,"column":1}},"29":{"start":{"line":30,"column":0},"end":{"line":30,"column":0}},"30":{"start":{"line":31,"column":0},"end":{"line":31,"column":3}},"31":{"start":{"line":32,"column":0},"end":{"line":32,"column":56}},"32":{"start":{"line":33,"column":0},"end":{"line":33,"column":42}},"33":{"start":{"line":34,"column":0},"end":{"line":34,"column":88}},"34":{"start":{"line":35,"column":0},"end":{"line":35,"column":3}},"35":{"start":{"line":36,"column":0},"end":{"line":36,"column":40}},"36":{"start":{"line":37,"column":0},"end":{"line":37,"column":25}},"37":{"start":{"line":38,"column":0},"end":{"line":38,"column":0}},"38":{"start":{"line":39,"column":0},"end":{"line":39,"column":10}},"39":{"start":{"line":40,"column":0},"end":{"line":40,"column":66}},"40":{"start":{"line":41,"column":0},"end":{"line":41,"column":64}},"41":{"start":{"line":42,"column":0},"end":{"line":42,"column":4}},"42":{"start":{"line":43,"column":0},"end":{"line":43,"column":1}},"43":{"start":{"line":44,"column":0},"end":{"line":44,"column":0}},"44":{"start":{"line":45,"column":0},"end":{"line":45,"column":0}},"45":{"start":{"line":46,"column":0},"end":{"line":46,"column":3}},"46":{"start":{"line":47,"column":0},"end":{"line":47,"column":64}},"47":{"start":{"line":48,"column":0},"end":{"line":48,"column":79}},"48":{"start":{"line":49,"column":0},"end":{"line":49,"column":18}},"49":{"start":{"line":50,"column":0},"end":{"line":50,"column":3}},"50":{"start":{"line":51,"column":0},"end":{"line":51,"column":37}},"51":{"start":{"line":52,"column":0},"end":{"line":52,"column":54}},"52":{"start":{"line":53,"column":0},"end":{"line":53,"column":40}},"53":{"start":{"line":54,"column":0},"end":{"line":54,"column":0}},"54":{"start":{"line":55,"column":0},"end":{"line":55,"column":20}},"55":{"start":{"line":56,"column":0},"end":{"line":56,"column":42}},"56":{"start":{"line":57,"column":0},"end":{"line":57,"column":13}},"57":{"start":{"line":58,"column":0},"end":{"line":58,"column":5}},"58":{"start":{"line":59,"column":0},"end":{"line":59,"column":0}},"59":{"start":{"line":60,"column":0},"end":{"line":60,"column":42}},"60":{"start":{"line":61,"column":0},"end":{"line":61,"column":5}},"61":{"start":{"line":62,"column":0},"end":{"line":62,"column":1}},"62":{"start":{"line":63,"column":0},"end":{"line":63,"column":0}},"63":{"start":{"line":64,"column":0},"end":{"line":64,"column":3}},"64":{"start":{"line":65,"column":0},"end":{"line":65,"column":61}},"65":{"start":{"line":66,"column":0},"end":{"line":66,"column":50}},"66":{"start":{"line":67,"column":0},"end":{"line":67,"column":71}},"67":{"start":{"line":68,"column":0},"end":{"line":68,"column":3}},"68":{"start":{"line":69,"column":0},"end":{"line":69,"column":46}},"69":{"start":{"line":70,"column":0},"end":{"line":70,"column":35}},"70":{"start":{"line":71,"column":0},"end":{"line":71,"column":0}},"71":{"start":{"line":72,"column":0},"end":{"line":72,"column":65}},"72":{"start":{"line":73,"column":0},"end":{"line":73,"column":1}},"73":{"start":{"line":74,"column":0},"end":{"line":74,"column":0}},"74":{"start":{"line":75,"column":0},"end":{"line":75,"column":3}},"75":{"start":{"line":76,"column":0},"end":{"line":76,"column":79}},"76":{"start":{"line":77,"column":0},"end":{"line":77,"column":96}},"77":{"start":{"line":78,"column":0},"end":{"line":78,"column":67}},"78":{"start":{"line":79,"column":0},"end":{"line":79,"column":69}},"79":{"start":{"line":80,"column":0},"end":{"line":80,"column":18}},"80":{"start":{"line":81,"column":0},"end":{"line":81,"column":3}},"81":{"start":{"line":82,"column":0},"end":{"line":82,"column":44}},"82":{"start":{"line":83,"column":0},"end":{"line":83,"column":26}},"83":{"start":{"line":84,"column":0},"end":{"line":84,"column":15}},"84":{"start":{"line":85,"column":0},"end":{"line":85,"column":36}},"85":{"start":{"line":86,"column":0},"end":{"line":86,"column":13}},"86":{"start":{"line":87,"column":0},"end":{"line":87,"column":5}},"87":{"start":{"line":88,"column":0},"end":{"line":88,"column":0}},"88":{"start":{"line":89,"column":0},"end":{"line":89,"column":44}},"89":{"start":{"line":90,"column":0},"end":{"line":90,"column":64}},"90":{"start":{"line":91,"column":0},"end":{"line":91,"column":0}},"91":{"start":{"line":92,"column":0},"end":{"line":92,"column":31}},"92":{"start":{"line":93,"column":0},"end":{"line":93,"column":9}},"93":{"start":{"line":94,"column":0},"end":{"line":94,"column":28}},"94":{"start":{"line":95,"column":0},"end":{"line":95,"column":30}},"95":{"start":{"line":96,"column":0},"end":{"line":96,"column":10}},"96":{"start":{"line":97,"column":0},"end":{"line":97,"column":15}},"97":{"start":{"line":98,"column":0},"end":{"line":98,"column":47}},"98":{"start":{"line":99,"column":0},"end":{"line":99,"column":35}},"99":{"start":{"line":100,"column":0},"end":{"line":100,"column":9}},"100":{"start":{"line":101,"column":0},"end":{"line":101,"column":8}},"101":{"start":{"line":102,"column":0},"end":{"line":102,"column":12}},"102":{"start":{"line":103,"column":0},"end":{"line":103,"column":29}},"103":{"start":{"line":104,"column":0},"end":{"line":104,"column":5}},"104":{"start":{"line":105,"column":0},"end":{"line":105,"column":5}},"105":{"start":{"line":106,"column":0},"end":{"line":106,"column":1}},"106":{"start":{"line":107,"column":0},"end":{"line":107,"column":0}},"107":{"start":{"line":108,"column":0},"end":{"line":108,"column":3}},"108":{"start":{"line":109,"column":0},"end":{"line":109,"column":84}},"109":{"start":{"line":110,"column":0},"end":{"line":110,"column":18}},"110":{"start":{"line":111,"column":0},"end":{"line":111,"column":3}},"111":{"start":{"line":112,"column":0},"end":{"line":112,"column":35}},"112":{"start":{"line":113,"column":0},"end":{"line":113,"column":27}},"113":{"start":{"line":114,"column":0},"end":{"line":114,"column":52}},"114":{"start":{"line":115,"column":0},"end":{"line":115,"column":17}},"115":{"start":{"line":116,"column":0},"end":{"line":116,"column":21}},"116":{"start":{"line":117,"column":0},"end":{"line":117,"column":74}},"117":{"start":{"line":118,"column":0},"end":{"line":118,"column":7}},"118":{"start":{"line":119,"column":0},"end":{"line":119,"column":22}},"119":{"start":{"line":120,"column":0},"end":{"line":120,"column":76}},"120":{"start":{"line":121,"column":0},"end":{"line":121,"column":7}},"121":{"start":{"line":122,"column":0},"end":{"line":122,"column":5}},"122":{"start":{"line":123,"column":0},"end":{"line":123,"column":4}},"123":{"start":{"line":124,"column":0},"end":{"line":124,"column":1}},"124":{"start":{"line":125,"column":0},"end":{"line":125,"column":0}},"125":{"start":{"line":126,"column":0},"end":{"line":126,"column":3}},"126":{"start":{"line":127,"column":0},"end":{"line":127,"column":64}},"127":{"start":{"line":128,"column":0},"end":{"line":128,"column":68}},"128":{"start":{"line":129,"column":0},"end":{"line":129,"column":70}},"129":{"start":{"line":130,"column":0},"end":{"line":130,"column":18}},"130":{"start":{"line":131,"column":0},"end":{"line":131,"column":3}},"131":{"start":{"line":132,"column":0},"end":{"line":132,"column":43}},"132":{"start":{"line":133,"column":0},"end":{"line":133,"column":56}},"133":{"start":{"line":134,"column":0},"end":{"line":134,"column":29}},"134":{"start":{"line":135,"column":0},"end":{"line":135,"column":5}},"135":{"start":{"line":136,"column":0},"end":{"line":136,"column":1}},"136":{"start":{"line":137,"column":0},"end":{"line":137,"column":0}},"137":{"start":{"line":138,"column":0},"end":{"line":138,"column":3}},"138":{"start":{"line":139,"column":0},"end":{"line":139,"column":40}},"139":{"start":{"line":140,"column":0},"end":{"line":140,"column":115}},"140":{"start":{"line":141,"column":0},"end":{"line":141,"column":18}},"141":{"start":{"line":142,"column":0},"end":{"line":142,"column":3}},"142":{"start":{"line":143,"column":0},"end":{"line":143,"column":37}},"143":{"start":{"line":144,"column":0},"end":{"line":144,"column":46}},"144":{"start":{"line":145,"column":0},"end":{"line":145,"column":70}},"145":{"start":{"line":146,"column":0},"end":{"line":146,"column":0}},"146":{"start":{"line":147,"column":0},"end":{"line":147,"column":33}},"147":{"start":{"line":148,"column":0},"end":{"line":148,"column":58}},"148":{"start":{"line":149,"column":0},"end":{"line":149,"column":11}},"149":{"start":{"line":150,"column":0},"end":{"line":150,"column":0}},"150":{"start":{"line":151,"column":0},"end":{"line":151,"column":39}},"151":{"start":{"line":152,"column":0},"end":{"line":152,"column":7}},"152":{"start":{"line":153,"column":0},"end":{"line":153,"column":1}},"153":{"start":{"line":154,"column":0},"end":{"line":154,"column":0}},"154":{"start":{"line":155,"column":0},"end":{"line":155,"column":3}},"155":{"start":{"line":156,"column":0},"end":{"line":156,"column":81}},"156":{"start":{"line":157,"column":0},"end":{"line":157,"column":64}},"157":{"start":{"line":158,"column":0},"end":{"line":158,"column":18}},"158":{"start":{"line":159,"column":0},"end":{"line":159,"column":3}},"159":{"start":{"line":160,"column":0},"end":{"line":160,"column":30}},"160":{"start":{"line":161,"column":0},"end":{"line":161,"column":28}},"161":{"start":{"line":162,"column":0},"end":{"line":162,"column":47}},"162":{"start":{"line":163,"column":0},"end":{"line":163,"column":7}},"163":{"start":{"line":164,"column":0},"end":{"line":164,"column":1}},"164":{"start":{"line":165,"column":0},"end":{"line":165,"column":0}},"165":{"start":{"line":166,"column":0},"end":{"line":166,"column":3}},"166":{"start":{"line":167,"column":0},"end":{"line":167,"column":75}},"167":{"start":{"line":168,"column":0},"end":{"line":168,"column":68}},"168":{"start":{"line":169,"column":0},"end":{"line":169,"column":18}},"169":{"start":{"line":170,"column":0},"end":{"line":170,"column":3}},"170":{"start":{"line":171,"column":0},"end":{"line":171,"column":23}},"171":{"start":{"line":172,"column":0},"end":{"line":172,"column":46}},"172":{"start":{"line":173,"column":0},"end":{"line":173,"column":70}},"173":{"start":{"line":174,"column":0},"end":{"line":174,"column":0}},"174":{"start":{"line":175,"column":0},"end":{"line":175,"column":29}},"175":{"start":{"line":176,"column":0},"end":{"line":176,"column":0}},"176":{"start":{"line":177,"column":0},"end":{"line":177,"column":33}},"177":{"start":{"line":178,"column":0},"end":{"line":178,"column":16}},"178":{"start":{"line":179,"column":0},"end":{"line":179,"column":52}},"179":{"start":{"line":180,"column":0},"end":{"line":180,"column":50}},"180":{"start":{"line":181,"column":0},"end":{"line":181,"column":14}},"181":{"start":{"line":182,"column":0},"end":{"line":182,"column":34}},"182":{"start":{"line":183,"column":0},"end":{"line":183,"column":13}},"183":{"start":{"line":184,"column":0},"end":{"line":184,"column":11}},"184":{"start":{"line":185,"column":0},"end":{"line":185,"column":0}},"185":{"start":{"line":186,"column":0},"end":{"line":186,"column":22}},"186":{"start":{"line":187,"column":0},"end":{"line":187,"column":26}},"187":{"start":{"line":188,"column":0},"end":{"line":188,"column":49}},"188":{"start":{"line":189,"column":0},"end":{"line":189,"column":37}},"189":{"start":{"line":190,"column":0},"end":{"line":190,"column":66}},"190":{"start":{"line":191,"column":0},"end":{"line":191,"column":16}},"191":{"start":{"line":192,"column":0},"end":{"line":192,"column":60}},"192":{"start":{"line":193,"column":0},"end":{"line":193,"column":36}},"193":{"start":{"line":194,"column":0},"end":{"line":194,"column":11}},"194":{"start":{"line":195,"column":0},"end":{"line":195,"column":9}},"195":{"start":{"line":196,"column":0},"end":{"line":196,"column":23}},"196":{"start":{"line":197,"column":0},"end":{"line":197,"column":36}},"197":{"start":{"line":198,"column":0},"end":{"line":198,"column":36}},"198":{"start":{"line":199,"column":0},"end":{"line":199,"column":75}},"199":{"start":{"line":200,"column":0},"end":{"line":200,"column":11}},"200":{"start":{"line":201,"column":0},"end":{"line":201,"column":9}},"201":{"start":{"line":202,"column":0},"end":{"line":202,"column":24}},"202":{"start":{"line":203,"column":0},"end":{"line":203,"column":37}},"203":{"start":{"line":204,"column":0},"end":{"line":204,"column":37}},"204":{"start":{"line":205,"column":0},"end":{"line":205,"column":77}},"205":{"start":{"line":206,"column":0},"end":{"line":206,"column":12}},"206":{"start":{"line":207,"column":0},"end":{"line":207,"column":9}},"207":{"start":{"line":208,"column":0},"end":{"line":208,"column":8}},"208":{"start":{"line":209,"column":0},"end":{"line":209,"column":7}},"209":{"start":{"line":210,"column":0},"end":{"line":210,"column":0}},"210":{"start":{"line":211,"column":0},"end":{"line":211,"column":29}},"211":{"start":{"line":212,"column":0},"end":{"line":212,"column":1}},"212":{"start":{"line":213,"column":0},"end":{"line":213,"column":0}},"213":{"start":{"line":214,"column":0},"end":{"line":214,"column":3}},"214":{"start":{"line":215,"column":0},"end":{"line":215,"column":66}},"215":{"start":{"line":216,"column":0},"end":{"line":216,"column":18}},"216":{"start":{"line":217,"column":0},"end":{"line":217,"column":3}},"217":{"start":{"line":218,"column":0},"end":{"line":218,"column":17}},"218":{"start":{"line":219,"column":0},"end":{"line":219,"column":48}},"219":{"start":{"line":220,"column":0},"end":{"line":220,"column":1}},"220":{"start":{"line":221,"column":0},"end":{"line":221,"column":0}},"221":{"start":{"line":222,"column":0},"end":{"line":222,"column":3}},"222":{"start":{"line":223,"column":0},"end":{"line":223,"column":46}},"223":{"start":{"line":224,"column":0},"end":{"line":224,"column":18}},"224":{"start":{"line":225,"column":0},"end":{"line":225,"column":3}},"225":{"start":{"line":226,"column":0},"end":{"line":226,"column":20}},"226":{"start":{"line":227,"column":0},"end":{"line":227,"column":33}},"227":{"start":{"line":228,"column":0},"end":{"line":228,"column":63}},"228":{"start":{"line":229,"column":0},"end":{"line":229,"column":2}},"229":{"start":{"line":230,"column":0},"end":{"line":230,"column":1}},"230":{"start":{"line":231,"column":0},"end":{"line":231,"column":0}},"231":{"start":{"line":232,"column":0},"end":{"line":232,"column":3}},"232":{"start":{"line":233,"column":0},"end":{"line":233,"column":47}},"233":{"start":{"line":234,"column":0},"end":{"line":234,"column":18}},"234":{"start":{"line":235,"column":0},"end":{"line":235,"column":3}},"235":{"start":{"line":236,"column":0},"end":{"line":236,"column":21}},"236":{"start":{"line":237,"column":0},"end":{"line":237,"column":34}},"237":{"start":{"line":238,"column":0},"end":{"line":238,"column":65}},"238":{"start":{"line":239,"column":0},"end":{"line":239,"column":2}},"239":{"start":{"line":240,"column":0},"end":{"line":240,"column":1}},"240":{"start":{"line":241,"column":0},"end":{"line":241,"column":0}},"241":{"start":{"line":242,"column":0},"end":{"line":242,"column":3}},"242":{"start":{"line":243,"column":0},"end":{"line":243,"column":61}},"243":{"start":{"line":244,"column":0},"end":{"line":244,"column":18}},"244":{"start":{"line":245,"column":0},"end":{"line":245,"column":3}},"245":{"start":{"line":246,"column":0},"end":{"line":246,"column":71}},"246":{"start":{"line":247,"column":0},"end":{"line":247,"column":15}},"247":{"start":{"line":248,"column":0},"end":{"line":248,"column":1}},"248":{"start":{"line":249,"column":0},"end":{"line":249,"column":0}},"249":{"start":{"line":250,"column":0},"end":{"line":250,"column":54}},"250":{"start":{"line":251,"column":0},"end":{"line":251,"column":20}},"251":{"start":{"line":252,"column":0},"end":{"line":252,"column":18}},"252":{"start":{"line":253,"column":0},"end":{"line":253,"column":29}},"253":{"start":{"line":254,"column":0},"end":{"line":254,"column":19}},"254":{"start":{"line":255,"column":0},"end":{"line":255,"column":33}},"255":{"start":{"line":256,"column":0},"end":{"line":256,"column":21}},"256":{"start":{"line":257,"column":0},"end":{"line":257,"column":27}},"257":{"start":{"line":258,"column":0},"end":{"line":258,"column":20}},"258":{"start":{"line":259,"column":0},"end":{"line":259,"column":21}},"259":{"start":{"line":260,"column":0},"end":{"line":260,"column":20}},"260":{"start":{"line":261,"column":0},"end":{"line":261,"column":14}},"261":{"start":{"line":262,"column":0},"end":{"line":262,"column":4}},"262":{"start":{"line":263,"column":0},"end":{"line":263,"column":1}}},"s":{"0":1,"1":1,"2":1,"3":1,"4":1,"5":1,"6":1,"7":1,"8":1,"9":1,"10":1,"11":1,"12":1,"13":1,"14":1,"15":1,"16":1,"17":1,"18":1,"19":1,"20":1,"21":1,"22":1,"23":1,"24":2,"25":2,"26":2,"27":2,"28":2,"29":1,"30":1,"31":1,"32":1,"33":1,"34":1,"35":5,"36":5,"37":4,"38":4,"39":4,"40":3,"41":5,"42":5,"43":1,"44":1,"45":1,"46":1,"47":1,"48":1,"49":1,"50":3,"51":3,"52":3,"53":3,"54":3,"55":1,"56":1,"57":1,"58":2,"59":2,"60":3,"61":3,"62":1,"63":1,"64":1,"65":1,"66":1,"67":1,"68":2,"69":2,"70":1,"71":1,"72":1,"73":1,"74":1,"75":1,"76":1,"77":1,"78":1,"79":1,"80":1,"81":1,"82":1,"83":1,"84":0,"85":0,"86":0,"87":1,"88":1,"89":0,"90":0,"91":0,"92":0,"93":0,"94":0,"95":0,"96":0,"97":0,"98":0,"99":0,"100":0,"101":1,"102":1,"103":1,"104":1,"105":1,"106":1,"107":1,"108":1,"109":1,"110":1,"111":21,"112":21,"113":21,"114":21,"115":4,"116":4,"117":4,"118":4,"119":4,"120":4,"121":4,"122":21,"123":21,"124":1,"125":1,"126":1,"127":1,"128":1,"129":1,"130":1,"131":1,"132":1,"133":1,"134":1,"135":1,"136":1,"137":1,"138":1,"139":1,"140":1,"141":1,"142":3,"143":3,"144":3,"145":3,"146":3,"147":6,"148":3,"149":3,"150":3,"151":3,"152":3,"153":1,"154":1,"155":1,"156":1,"157":1,"158":1,"159":2,"160":2,"161":2,"162":2,"163":2,"164":1,"165":1,"166":1,"167":1,"168":1,"169":1,"170":19,"171":19,"172":19,"173":19,"174":19,"175":19,"176":19,"177":4,"178":4,"179":2,"180":4,"181":1,"182":1,"183":19,"184":19,"185":19,"186":19,"187":1,"188":1,"189":1,"190":18,"191":18,"192":18,"193":18,"194":19,"195":19,"196":19,"197":19,"198":0,"199":19,"200":19,"201":19,"202":19,"203":19,"204":0,"205":19,"206":19,"207":19,"208":19,"209":19,"210":19,"211":19,"212":1,"213":1,"214":1,"215":1,"216":1,"217":1,"218":1,"219":1,"220":1,"221":1,"222":1,"223":1,"224":1,"225":1,"226":1,"227":0,"228":1,"229":1,"230":1,"231":1,"232":1,"233":1,"234":1,"235":1,"236":1,"237":0,"238":1,"239":1,"240":1,"241":1,"242":1,"243":1,"244":1,"245":1,"246":1,"247":1,"248":1,"249":1,"250":1,"251":1,"252":1,"253":1,"254":1,"255":1,"256":1,"257":1,"258":1,"259":1,"260":1,"261":1,"262":1},"branchMap":{"0":{"type":"branch","line":25,"loc":{"start":{"line":25,"column":0},"end":{"line":29,"column":1}},"locations":[{"start":{"line":25,"column":0},"end":{"line":29,"column":1}}]},"1":{"type":"branch","line":26,"loc":{"start":{"line":26,"column":60},"end":{"line":28,"column":3}},"locations":[{"start":{"line":26,"column":60},"end":{"line":28,"column":3}}]},"2":{"type":"branch","line":36,"loc":{"start":{"line":36,"column":0},"end":{"line":43,"column":1}},"locations":[{"start":{"line":36,"column":0},"end":{"line":43,"column":1}}]},"3":{"type":"branch","line":37,"loc":{"start":{"line":37,"column":12},"end":{"line":37,"column":25}},"locations":[{"start":{"line":37,"column":12},"end":{"line":37,"column":25}}]},"4":{"type":"branch","line":37,"loc":{"start":{"line":37,"column":24},"end":{"line":41,"column":64}},"locations":[{"start":{"line":37,"column":24},"end":{"line":41,"column":64}}]},"5":{"type":"branch","line":40,"loc":{"start":{"line":40,"column":63},"end":{"line":41,"column":64}},"locations":[{"start":{"line":40,"column":63},"end":{"line":41,"column":64}}]},"6":{"type":"branch","line":51,"loc":{"start":{"line":51,"column":0},"end":{"line":62,"column":1}},"locations":[{"start":{"line":51,"column":0},"end":{"line":62,"column":1}}]},"7":{"type":"branch","line":52,"loc":{"start":{"line":52,"column":42},"end":{"line":61,"column":3}},"locations":[{"start":{"line":52,"column":42},"end":{"line":61,"column":3}}]},"8":{"type":"branch","line":55,"loc":{"start":{"line":55,"column":19},"end":{"line":58,"column":5}},"locations":[{"start":{"line":55,"column":19},"end":{"line":58,"column":5}}]},"9":{"type":"branch","line":58,"loc":{"start":{"line":58,"column":4},"end":{"line":61,"column":3}},"locations":[{"start":{"line":58,"column":4},"end":{"line":61,"column":3}}]},"10":{"type":"branch","line":69,"loc":{"start":{"line":69,"column":0},"end":{"line":73,"column":1}},"locations":[{"start":{"line":69,"column":0},"end":{"line":73,"column":1}}]},"11":{"type":"branch","line":70,"loc":{"start":{"line":70,"column":14},"end":{"line":73,"column":1}},"locations":[{"start":{"line":70,"column":14},"end":{"line":73,"column":1}}]},"12":{"type":"branch","line":82,"loc":{"start":{"line":82,"column":0},"end":{"line":106,"column":1}},"locations":[{"start":{"line":82,"column":0},"end":{"line":106,"column":1}}]},"13":{"type":"branch","line":83,"loc":{"start":{"line":83,"column":17},"end":{"line":105,"column":3}},"locations":[{"start":{"line":83,"column":17},"end":{"line":105,"column":3}}]},"14":{"type":"branch","line":84,"loc":{"start":{"line":84,"column":14},"end":{"line":87,"column":5}},"locations":[{"start":{"line":84,"column":14},"end":{"line":87,"column":5}}]},"15":{"type":"branch","line":89,"loc":{"start":{"line":89,"column":43},"end":{"line":102,"column":5}},"locations":[{"start":{"line":89,"column":43},"end":{"line":102,"column":5}}]},"16":{"type":"branch","line":112,"loc":{"start":{"line":112,"column":0},"end":{"line":124,"column":1}},"locations":[{"start":{"line":112,"column":0},"end":{"line":124,"column":1}}]},"17":{"type":"branch","line":115,"loc":{"start":{"line":115,"column":5},"end":{"line":122,"column":5}},"locations":[{"start":{"line":115,"column":5},"end":{"line":122,"column":5}}]},"18":{"type":"branch","line":117,"loc":{"start":{"line":117,"column":57},"end":{"line":117,"column":73}},"locations":[{"start":{"line":117,"column":57},"end":{"line":117,"column":73}}]},"19":{"type":"branch","line":120,"loc":{"start":{"line":120,"column":59},"end":{"line":120,"column":75}},"locations":[{"start":{"line":120,"column":59},"end":{"line":120,"column":75}}]},"20":{"type":"branch","line":132,"loc":{"start":{"line":132,"column":0},"end":{"line":136,"column":1}},"locations":[{"start":{"line":132,"column":0},"end":{"line":136,"column":1}}]},"21":{"type":"branch","line":133,"loc":{"start":{"line":133,"column":49},"end":{"line":135,"column":3}},"locations":[{"start":{"line":133,"column":49},"end":{"line":135,"column":3}}]},"22":{"type":"branch","line":143,"loc":{"start":{"line":143,"column":0},"end":{"line":153,"column":1}},"locations":[{"start":{"line":143,"column":0},"end":{"line":153,"column":1}}]},"23":{"type":"branch","line":144,"loc":{"start":{"line":144,"column":30},"end":{"line":152,"column":5}},"locations":[{"start":{"line":144,"column":30},"end":{"line":152,"column":5}}]},"24":{"type":"branch","line":151,"loc":{"start":{"line":151,"column":22},"end":{"line":151,"column":39}},"locations":[{"start":{"line":151,"column":22},"end":{"line":151,"column":39}}]},"25":{"type":"branch","line":145,"loc":{"start":{"line":145,"column":41},"end":{"line":145,"column":68}},"locations":[{"start":{"line":145,"column":41},"end":{"line":145,"column":68}}]},"26":{"type":"branch","line":147,"loc":{"start":{"line":147,"column":23},"end":{"line":149,"column":9}},"locations":[{"start":{"line":147,"column":23},"end":{"line":149,"column":9}}]},"27":{"type":"branch","line":160,"loc":{"start":{"line":160,"column":0},"end":{"line":164,"column":1}},"locations":[{"start":{"line":160,"column":0},"end":{"line":164,"column":1}}]},"28":{"type":"branch","line":161,"loc":{"start":{"line":161,"column":21},"end":{"line":163,"column":5}},"locations":[{"start":{"line":161,"column":21},"end":{"line":163,"column":5}}]},"29":{"type":"branch","line":171,"loc":{"start":{"line":171,"column":0},"end":{"line":212,"column":1}},"locations":[{"start":{"line":171,"column":0},"end":{"line":212,"column":1}}]},"30":{"type":"branch","line":172,"loc":{"start":{"line":172,"column":30},"end":{"line":209,"column":5}},"locations":[{"start":{"line":172,"column":30},"end":{"line":209,"column":5}}]},"31":{"type":"branch","line":187,"loc":{"start":{"line":187,"column":25},"end":{"line":194,"column":11}},"locations":[{"start":{"line":187,"column":25},"end":{"line":194,"column":11}}]},"32":{"type":"branch","line":187,"loc":{"start":{"line":187,"column":25},"end":{"line":191,"column":9}},"locations":[{"start":{"line":187,"column":25},"end":{"line":191,"column":9}}]},"33":{"type":"branch","line":173,"loc":{"start":{"line":173,"column":41},"end":{"line":173,"column":68}},"locations":[{"start":{"line":173,"column":41},"end":{"line":173,"column":68}}]},"34":{"type":"branch","line":177,"loc":{"start":{"line":177,"column":23},"end":{"line":184,"column":9}},"locations":[{"start":{"line":177,"column":23},"end":{"line":184,"column":9}}]},"35":{"type":"branch","line":179,"loc":{"start":{"line":179,"column":49},"end":{"line":180,"column":50}},"locations":[{"start":{"line":179,"column":49},"end":{"line":180,"column":50}}]},"36":{"type":"branch","line":181,"loc":{"start":{"line":181,"column":13},"end":{"line":183,"column":13}},"locations":[{"start":{"line":181,"column":13},"end":{"line":183,"column":13}}]}},"b":{"0":[2],"1":[2],"2":[5],"3":[1],"4":[4],"5":[3],"6":[3],"7":[3],"8":[1],"9":[2],"10":[2],"11":[1],"12":[1],"13":[1],"14":[0],"15":[0],"16":[21],"17":[4],"18":[3],"19":[3],"20":[1],"21":[1],"22":[3],"23":[3],"24":[2],"25":[7],"26":[6],"27":[2],"28":[2],"29":[19],"30":[19],"31":[18],"32":[1],"33":[4],"34":[4],"35":[2],"36":[1]},"fnMap":{"0":{"name":"getCurrentTab","decl":{"start":{"line":25,"column":0},"end":{"line":29,"column":1}},"loc":{"start":{"line":25,"column":0},"end":{"line":29,"column":1}},"line":25},"1":{"name":"isChromeWebStoreThemeUrl","decl":{"start":{"line":36,"column":0},"end":{"line":43,"column":1}},"loc":{"start":{"line":36,"column":0},"end":{"line":43,"column":1}},"line":36},"2":{"name":"openSavedTheme","decl":{"start":{"line":51,"column":0},"end":{"line":62,"column":1}},"loc":{"start":{"line":51,"column":0},"end":{"line":62,"column":1}},"line":51},"3":{"name":"extractThemeNameFromTabTitle","decl":{"start":{"line":69,"column":0},"end":{"line":73,"column":1}},"loc":{"start":{"line":69,"column":0},"end":{"line":73,"column":1}},"line":69},"4":{"name":"saveThemeAndOpen","decl":{"start":{"line":82,"column":0},"end":{"line":106,"column":1}},"loc":{"start":{"line":82,"column":0},"end":{"line":106,"column":1}},"line":82},"5":{"name":"updateSavedThemeLabels","decl":{"start":{"line":112,"column":0},"end":{"line":124,"column":1}},"loc":{"start":{"line":112,"column":0},"end":{"line":124,"column":1}},"line":112},"6":{"name":"clearSavedTheme","decl":{"start":{"line":132,"column":0},"end":{"line":136,"column":1}},"loc":{"start":{"line":132,"column":0},"end":{"line":136,"column":1}},"line":132},"7":{"name":"disableAllThemes","decl":{"start":{"line":143,"column":0},"end":{"line":153,"column":1}},"loc":{"start":{"line":143,"column":0},"end":{"line":153,"column":1}},"line":143},"8":{"name":"enableThemeById","decl":{"start":{"line":160,"column":0},"end":{"line":164,"column":1}},"loc":{"start":{"line":160,"column":0},"end":{"line":164,"column":1}},"line":160},"9":{"name":"findThemes","decl":{"start":{"line":171,"column":0},"end":{"line":212,"column":1}},"loc":{"start":{"line":171,"column":0},"end":{"line":212,"column":1}},"line":171},"10":{"name":"userBtn.onclick","decl":{"start":{"line":190,"column":30},"end":{"line":190,"column":65}},"loc":{"start":{"line":190,"column":30},"end":{"line":190,"column":65}},"line":190},"11":{"name":"firstBtn.onclick","decl":{"start":{"line":198,"column":29},"end":{"line":200,"column":10}},"loc":{"start":{"line":198,"column":29},"end":{"line":200,"column":10}},"line":198},"12":{"name":"secondBtn.onclick","decl":{"start":{"line":204,"column":30},"end":{"line":206,"column":11}},"loc":{"start":{"line":204,"column":30},"end":{"line":206,"column":11}},"line":204},"13":{"name":"defaultBtn.onclick","decl":{"start":{"line":219,"column":23},"end":{"line":219,"column":47}},"loc":{"start":{"line":219,"column":23},"end":{"line":219,"column":47}},"line":219},"14":{"name":"clearFirstBtn.onclick","decl":{"start":{"line":227,"column":26},"end":{"line":229,"column":1}},"loc":{"start":{"line":227,"column":26},"end":{"line":229,"column":1}},"line":227},"15":{"name":"clearSecondBtn.onclick","decl":{"start":{"line":237,"column":27},"end":{"line":239,"column":1}},"loc":{"start":{"line":237,"column":27},"end":{"line":239,"column":1}},"line":237}},"f":{"0":2,"1":5,"2":3,"3":2,"4":1,"5":21,"6":1,"7":3,"8":2,"9":19,"10":0,"11":0,"12":0,"13":0,"14":0,"15":0}}
}
