TN:
SF:extension/background.js
FNF:0
FNH:0
DA:1,1
DA:2,1
DA:3,1
DA:4,1
DA:5,1
DA:6,1
DA:7,1
DA:8,1
DA:9,1
DA:10,1
DA:11,1
DA:12,1
DA:13,0
DA:14,0
DA:15,0
DA:16,0
DA:17,0
DA:18,0
DA:19,0
DA:20,0
DA:21,0
DA:22,0
DA:23,0
DA:24,0
DA:25,0
DA:26,0
DA:27,0
DA:28,0
DA:29,0
DA:30,0
DA:31,0
DA:32,0
DA:33,0
DA:34,0
DA:35,0
DA:36,0
DA:37,0
DA:38,0
DA:39,0
DA:40,0
DA:41,0
DA:42,0
DA:43,0
DA:44,0
DA:45,0
DA:46,0
DA:47,0
DA:48,1
LF:48
LH:13
BRF:0
BRH:0
end_of_record
TN:
SF:extension/popup.js
FN:25,getCurrentTab
FN:36,isChromeWebStoreThemeUrl
FN:51,openSavedTheme
FN:69,extractThemeNameFromTabTitle
FN:82,saveThemeAndOpen
FN:112,updateSavedThemeLabels
FN:132,clearSavedTheme
FN:143,disableAllThemes
FN:160,enableThemeById
FN:171,findThemes
FN:190,userBtn.onclick
FN:198,firstBtn.onclick
FN:204,secondBtn.onclick
FN:219,defaultBtn.onclick
FN:227,clearFirstBtn.onclick
FN:237,clearSecondBtn.onclick
FNF:16
FNH:10
FNDA:2,getCurrentTab
FNDA:5,isChromeWebStoreThemeUrl
FNDA:3,openSavedTheme
FNDA:2,extractThemeNameFromTabTitle
FNDA:1,saveThemeAndOpen
FNDA:21,updateSavedThemeLabels
FNDA:1,clearSavedTheme
FNDA:3,disableAllThemes
FNDA:2,enableThemeById
FNDA:19,findThemes
FNDA:0,userBtn.onclick
FNDA:0,firstBtn.onclick
FNDA:0,secondBtn.onclick
FNDA:0,defaultBtn.onclick
FNDA:0,clearFirstBtn.onclick
FNDA:0,clearSecondBtn.onclick
DA:1,1
DA:2,1
DA:3,1
DA:4,1
DA:5,1
DA:6,1
DA:7,1
DA:8,1
DA:9,1
DA:10,1
DA:11,1
DA:12,1
DA:13,1
DA:14,1
DA:15,1
DA:16,1
DA:17,1
DA:18,1
DA:19,1
DA:20,1
DA:21,1
DA:22,1
DA:23,1
DA:24,1
DA:25,2
DA:26,2
DA:27,2
DA:28,2
DA:29,2
DA:30,1
DA:31,1
DA:32,1
DA:33,1
DA:34,1
DA:35,1
DA:36,5
DA:37,5
DA:38,4
DA:39,4
DA:40,4
DA:41,3
DA:42,5
DA:43,5
DA:44,1
DA:45,1
DA:46,1
DA:47,1
DA:48,1
DA:49,1
DA:50,1
DA:51,3
DA:52,3
DA:53,3
DA:54,3
DA:55,3
DA:56,1
DA:57,1
DA:58,1
DA:59,2
DA:60,2
DA:61,3
DA:62,3
DA:63,1
DA:64,1
DA:65,1
DA:66,1
DA:67,1
DA:68,1
DA:69,2
DA:70,2
DA:71,1
DA:72,1
DA:73,1
DA:74,1
DA:75,1
DA:76,1
DA:77,1
DA:78,1
DA:79,1
DA:80,1
DA:81,1
DA:82,1
DA:83,1
DA:84,1
DA:85,0
DA:86,0
DA:87,0
DA:88,1
DA:89,1
DA:90,0
DA:91,0
DA:92,0
DA:93,0
DA:94,0
DA:95,0
DA:96,0
DA:97,0
DA:98,0
DA:99,0
DA:100,0
DA:101,0
DA:102,1
DA:103,1
DA:104,1
DA:105,1
DA:106,1
DA:107,1
DA:108,1
DA:109,1
DA:110,1
DA:111,1
DA:112,21
DA:113,21
DA:114,21
DA:115,21
DA:116,4
DA:117,4
DA:118,4
DA:119,4
DA:120,4
DA:121,4
DA:122,4
DA:123,21
DA:124,21
DA:125,1
DA:126,1
DA:127,1
DA:128,1
DA:129,1
DA:130,1
DA:131,1
DA:132,1
DA:133,1
DA:134,1
DA:135,1
DA:136,1
DA:137,1
DA:138,1
DA:139,1
DA:140,1
DA:141,1
DA:142,1
DA:143,3
DA:144,3
DA:145,3
DA:146,3
DA:147,3
DA:148,6
DA:149,3
DA:150,3
DA:151,3
DA:152,3
DA:153,3
DA:154,1
DA:155,1
DA:156,1
DA:157,1
DA:158,1
DA:159,1
DA:160,2
DA:161,2
DA:162,2
DA:163,2
DA:164,2
DA:165,1
DA:166,1
DA:167,1
DA:168,1
DA:169,1
DA:170,1
DA:171,19
DA:172,19
DA:173,19
DA:174,19
DA:175,19
DA:176,19
DA:177,19
DA:178,4
DA:179,4
DA:180,2
DA:181,4
DA:182,1
DA:183,1
DA:184,19
DA:185,19
DA:186,19
DA:187,19
DA:188,1
DA:189,1
DA:190,1
DA:191,18
DA:192,18
DA:193,18
DA:194,18
DA:195,19
DA:196,19
DA:197,19
DA:198,19
DA:199,0
DA:200,19
DA:201,19
DA:202,19
DA:203,19
DA:204,19
DA:205,0
DA:206,19
DA:207,19
DA:208,19
DA:209,19
DA:210,19
DA:211,19
DA:212,19
DA:213,1
DA:214,1
DA:215,1
DA:216,1
DA:217,1
DA:218,1
DA:219,1
DA:220,1
DA:221,1
DA:222,1
DA:223,1
DA:224,1
DA:225,1
DA:226,1
DA:227,1
DA:228,0
DA:229,1
DA:230,1
DA:231,1
DA:232,1
DA:233,1
DA:234,1
DA:235,1
DA:236,1
DA:237,1
DA:238,0
DA:239,1
DA:240,1
DA:241,1
DA:242,1
DA:243,1
DA:244,1
DA:245,1
DA:246,1
DA:247,1
DA:248,1
DA:249,1
DA:250,1
DA:251,1
DA:252,1
DA:253,1
DA:254,1
DA:255,1
DA:256,1
DA:257,1
DA:258,1
DA:259,1
DA:260,1
DA:261,1
DA:262,1
DA:263,1
LF:263
LH:244
BRDA:25,0,0,2
BRDA:26,1,0,2
BRDA:36,2,0,5
BRDA:37,3,0,1
BRDA:37,4,0,4
BRDA:40,5,0,3
BRDA:51,6,0,3
BRDA:52,7,0,3
BRDA:55,8,0,1
BRDA:58,9,0,2
BRDA:69,10,0,2
BRDA:70,11,0,1
BRDA:82,12,0,1
BRDA:83,13,0,1
BRDA:84,14,0,0
BRDA:89,15,0,0
BRDA:112,16,0,21
BRDA:115,17,0,4
BRDA:117,18,0,3
BRDA:120,19,0,3
BRDA:132,20,0,1
BRDA:133,21,0,1
BRDA:143,22,0,3
BRDA:144,23,0,3
BRDA:151,24,0,2
BRDA:145,25,0,7
BRDA:147,26,0,6
BRDA:160,27,0,2
BRDA:161,28,0,2
BRDA:171,29,0,19
BRDA:172,30,0,19
BRDA:187,31,0,18
BRDA:187,32,0,1
BRDA:173,33,0,4
BRDA:177,34,0,4
BRDA:179,35,0,2
BRDA:181,36,0,1
BRF:37
BRH:35
end_of_record
