TN:
SF:extension/background.js
FN:9,getNextThemeIndex
FN:23,rotateThemes
FNF:2
FNH:2
FNDA:3,getNextThemeIndex
FNDA:1,rotateThemes
DA:1,1
DA:2,1
DA:3,1
DA:4,1
DA:5,1
DA:6,1
DA:7,1
DA:8,1
DA:9,3
DA:10,3
DA:11,3
DA:12,3
DA:13,0
DA:14,0
DA:15,3
DA:16,3
DA:17,3
DA:18,1
DA:19,1
DA:20,1
DA:21,1
DA:22,1
DA:23,1
DA:24,1
DA:25,1
DA:26,1
DA:27,1
DA:28,1
DA:29,1
DA:30,1
DA:31,1
DA:32,1
DA:33,1
DA:34,1
DA:35,1
DA:36,1
DA:37,1
DA:38,1
DA:39,1
DA:40,1
DA:41,3
DA:42,1
DA:43,1
DA:44,1
DA:45,1
DA:46,1
DA:47,1
DA:48,1
DA:49,1
DA:50,1
DA:51,1
DA:52,1
DA:53,1
DA:54,1
DA:55,0
DA:56,0
DA:57,0
DA:58,0
DA:59,0
DA:60,0
DA:61,0
DA:62,0
DA:63,0
DA:64,1
DA:65,1
DA:66,1
DA:67,1
DA:68,1
DA:69,1
DA:70,1
DA:71,1
DA:72,1
LF:72
LH:61
BRDA:9,0,0,3
BRDA:10,1,0,0
BRDA:12,2,0,0
BRDA:23,3,0,1
BRDA:27,4,0,0
BRDA:25,5,0,3
BRDA:29,6,0,1
BRDA:32,7,0,1
BRDA:40,8,0,3
BRF:9
BRH:6
end_of_record
TN:
SF:extension/popup.js
FN:25,getCurrentTab
FN:36,isChromeWebStoreThemeUrl
FN:51,openSavedTheme
FN:69,extractThemeNameFromTabTitle
FN:82,saveThemeAndOpen
FN:112,updateSavedThemeLabels
FN:132,clearSavedTheme
FN:143,disableAllThemes
FN:160,enableThemeById
FN:171,findThemes
FN:190,userBtn.onclick
FN:198,firstBtn.onclick
FN:204,secondBtn.onclick
FN:219,defaultBtn.onclick
FN:227,clearFirstBtn.onclick
FN:237,clearSecondBtn.onclick
FNF:16
FNH:8
FNDA:0,getCurrentTab
FNDA:4,isChromeWebStoreThemeUrl
FNDA:2,openSavedTheme
FNDA:2,extractThemeNameFromTabTitle
FNDA:0,saveThemeAndOpen
FNDA:18,updateSavedThemeLabels
FNDA:1,clearSavedTheme
FNDA:2,disableAllThemes
FNDA:1,enableThemeById
FNDA:16,findThemes
FNDA:0,userBtn.onclick
FNDA:0,firstBtn.onclick
FNDA:0,secondBtn.onclick
FNDA:0,defaultBtn.onclick
FNDA:0,clearFirstBtn.onclick
FNDA:0,clearSecondBtn.onclick
DA:1,1
DA:2,1
DA:3,1
DA:4,1
DA:5,1
DA:6,1
DA:7,1
DA:8,1
DA:9,1
DA:10,1
DA:11,1
DA:12,1
DA:13,1
DA:14,1
DA:15,1
DA:16,1
DA:17,1
DA:18,1
DA:19,1
DA:20,1
DA:21,1
DA:22,1
DA:23,1
DA:24,1
DA:25,0
DA:26,0
DA:27,0
DA:28,0
DA:29,0
DA:30,1
DA:31,1
DA:32,1
DA:33,1
DA:34,1
DA:35,1
DA:36,4
DA:37,4
DA:38,3
DA:39,3
DA:40,3
DA:41,2
DA:42,4
DA:43,4
DA:44,1
DA:45,1
DA:46,1
DA:47,1
DA:48,1
DA:49,1
DA:50,1
DA:51,2
DA:52,2
DA:53,2
DA:54,2
DA:55,2
DA:56,1
DA:57,1
DA:58,1
DA:59,1
DA:60,1
DA:61,2
DA:62,2
DA:63,1
DA:64,1
DA:65,1
DA:66,1
DA:67,1
DA:68,1
DA:69,2
DA:70,2
DA:71,1
DA:72,1
DA:73,1
DA:74,1
DA:75,1
DA:76,1
DA:77,1
DA:78,1
DA:79,1
DA:80,1
DA:81,1
DA:82,0
DA:83,0
DA:84,0
DA:85,0
DA:86,0
DA:87,0
DA:88,0
DA:89,0
DA:90,0
DA:91,0
DA:92,0
DA:93,0
DA:94,0
DA:95,0
DA:96,0
DA:97,0
DA:98,0
DA:99,0
DA:100,0
DA:101,0
DA:102,0
DA:103,0
DA:104,0
DA:105,0
DA:106,0
DA:107,1
DA:108,1
DA:109,1
DA:110,1
DA:111,1
DA:112,18
DA:113,18
DA:114,18
DA:115,18
DA:116,4
DA:117,4
DA:118,4
DA:119,4
DA:120,4
DA:121,4
DA:122,4
DA:123,18
DA:124,18
DA:125,1
DA:126,1
DA:127,1
DA:128,1
DA:129,1
DA:130,1
DA:131,1
DA:132,1
DA:133,1
DA:134,1
DA:135,1
DA:136,1
DA:137,1
DA:138,1
DA:139,1
DA:140,1
DA:141,1
DA:142,1
DA:143,2
DA:144,2
DA:145,2
DA:146,2
DA:147,2
DA:148,4
DA:149,2
DA:150,2
DA:151,2
DA:152,2
DA:153,2
DA:154,1
DA:155,1
DA:156,1
DA:157,1
DA:158,1
DA:159,1
DA:160,1
DA:161,1
DA:162,1
DA:163,1
DA:164,1
DA:165,1
DA:166,1
DA:167,1
DA:168,1
DA:169,1
DA:170,1
DA:171,16
DA:172,16
DA:173,16
DA:174,16
DA:175,16
DA:176,16
DA:177,16
DA:178,4
DA:179,4
DA:180,2
DA:181,4
DA:182,1
DA:183,1
DA:184,16
DA:185,16
DA:186,16
DA:187,16
DA:188,1
DA:189,1
DA:190,1
DA:191,15
DA:192,15
DA:193,15
DA:194,15
DA:195,16
DA:196,16
DA:197,16
DA:198,16
DA:199,0
DA:200,16
DA:201,16
DA:202,16
DA:203,16
DA:204,16
DA:205,0
DA:206,16
DA:207,16
DA:208,16
DA:209,16
DA:210,16
DA:211,16
DA:212,16
DA:213,1
DA:214,1
DA:215,1
DA:216,1
DA:217,1
DA:218,1
DA:219,1
DA:220,1
DA:221,1
DA:222,1
DA:223,1
DA:224,1
DA:225,1
DA:226,1
DA:227,1
DA:228,0
DA:229,1
DA:230,1
DA:231,1
DA:232,1
DA:233,1
DA:234,1
DA:235,1
DA:236,1
DA:237,1
DA:238,0
DA:239,1
DA:240,1
DA:241,1
DA:242,1
DA:243,1
DA:244,1
DA:245,1
DA:246,1
DA:247,1
DA:248,1
DA:249,1
DA:250,1
DA:251,1
DA:252,1
DA:253,1
DA:254,1
DA:255,1
DA:256,1
DA:257,1
DA:258,1
DA:259,1
DA:260,1
DA:261,1
DA:262,1
DA:263,1
LF:263
LH:229
BRDA:36,0,0,4
BRDA:37,1,0,1
BRDA:37,2,0,3
BRDA:40,3,0,2
BRDA:51,4,0,2
BRDA:52,5,0,2
BRDA:55,6,0,1
BRDA:69,7,0,2
BRDA:70,8,0,1
BRDA:112,9,0,18
BRDA:115,10,0,4
BRDA:117,11,0,3
BRDA:120,12,0,3
BRDA:132,13,0,1
BRDA:133,14,0,1
BRDA:143,15,0,2
BRDA:144,16,0,2
BRDA:151,17,0,1
BRDA:145,18,0,5
BRDA:147,19,0,4
BRDA:160,20,0,1
BRDA:161,21,0,1
BRDA:171,22,0,16
BRDA:172,23,0,16
BRDA:187,24,0,15
BRDA:187,25,0,1
BRDA:173,26,0,4
BRDA:177,27,0,4
BRDA:179,28,0,2
BRDA:181,29,0,1
BRF:30
BRH:30
end_of_record
